<?xml version="1.0" encoding="UTF-8"?>
<coverage generated="1763030532018" clover="3.2.0">
  <project timestamp="1763030532022" name="All files">
    <metrics statements="269" coveredstatements="269" conditionals="113" coveredconditionals="112" methods="20" coveredmethods="20" elements="402" coveredelements="401" complexity="0" loc="269" ncloc="269" packages="2" files="10" classes="10"/>
    <package name="controllers">
      <metrics statements="249" coveredstatements="249" conditionals="113" coveredconditionals="112" methods="20" coveredmethods="20"/>
      <file name="bookStoreController.js" path="C:\drive_D\SET Basic\Task 1\set_api\src\controllers\bookStoreController.js">
        <metrics statements="46" coveredstatements="46" conditionals="22" coveredconditionals="21" methods="5" coveredmethods="5"/>
        <line num="1" count="1" type="stmt"/>
        <line num="2" count="1" type="stmt"/>
        <line num="5" count="1" type="stmt"/>
        <line num="6" count="5" type="stmt"/>
        <line num="7" count="5" type="stmt"/>
        <line num="10" count="5" type="cond" truecount="2" falsecount="0"/>
        <line num="11" count="1" type="stmt"/>
        <line num="15" count="4" type="stmt"/>
        <line num="16" count="3" type="cond" truecount="2" falsecount="0"/>
        <line num="17" count="1" type="stmt"/>
        <line num="20" count="2" type="stmt"/>
        <line num="27" count="2" type="stmt"/>
        <line num="28" count="2" type="stmt"/>
        <line num="30" count="1" type="stmt"/>
        <line num="35" count="1" type="stmt"/>
        <line num="36" count="2" type="stmt"/>
        <line num="37" count="2" type="stmt"/>
        <line num="38" count="1" type="stmt"/>
        <line num="40" count="1" type="stmt"/>
        <line num="45" count="1" type="stmt"/>
        <line num="46" count="3" type="stmt"/>
        <line num="47" count="3" type="stmt"/>
        <line num="48" count="2" type="cond" truecount="2" falsecount="0"/>
        <line num="49" count="1" type="stmt"/>
        <line num="51" count="1" type="stmt"/>
        <line num="53" count="1" type="stmt"/>
        <line num="58" count="1" type="stmt"/>
        <line num="59" count="4" type="stmt"/>
        <line num="60" count="4" type="stmt"/>
        <line num="62" count="3" type="stmt"/>
        <line num="63" count="3" type="cond" truecount="2" falsecount="0"/>
        <line num="64" count="1" type="stmt"/>
        <line num="67" count="2" type="cond" truecount="1" falsecount="1"/>
        <line num="68" count="2" type="cond" truecount="2" falsecount="0"/>
        <line num="69" count="2" type="cond" truecount="2" falsecount="0"/>
        <line num="71" count="2" type="stmt"/>
        <line num="72" count="2" type="stmt"/>
        <line num="74" count="1" type="stmt"/>
        <line num="79" count="1" type="stmt"/>
        <line num="80" count="3" type="stmt"/>
        <line num="81" count="3" type="stmt"/>
        <line num="82" count="2" type="cond" truecount="2" falsecount="0"/>
        <line num="83" count="1" type="stmt"/>
        <line num="86" count="1" type="stmt"/>
        <line num="87" count="1" type="stmt"/>
        <line num="89" count="1" type="stmt"/>
      </file>
      <file name="bookingController.js" path="C:\drive_D\SET Basic\Task 1\set_api\src\controllers\bookingController.js">
        <metrics statements="100" coveredstatements="100" conditionals="57" coveredconditionals="57" methods="5" coveredmethods="5"/>
        <line num="1" count="1" type="stmt"/>
        <line num="2" count="1" type="stmt"/>
        <line num="3" count="1" type="stmt"/>
        <line num="4" count="1" type="stmt"/>
        <line num="8" count="1" type="stmt"/>
        <line num="9" count="10" type="stmt"/>
        <line num="10" count="10" type="stmt"/>
        <line num="13" count="10" type="cond" truecount="9" falsecount="0"/>
        <line num="14" count="1" type="stmt"/>
        <line num="20" count="9" type="stmt"/>
        <line num="21" count="7" type="cond" truecount="2" falsecount="0"/>
        <line num="24" count="6" type="stmt"/>
        <line num="25" count="6" type="cond" truecount="2" falsecount="0"/>
        <line num="29" count="5" type="cond" truecount="2" falsecount="0"/>
        <line num="30" count="1" type="stmt"/>
        <line num="32" count="4" type="stmt"/>
        <line num="34" count="5" type="cond" truecount="2" falsecount="0"/>
        <line num="40" count="4" type="stmt"/>
        <line num="42" count="4" type="stmt"/>
        <line num="43" count="4" type="cond" truecount="2" falsecount="0"/>
        <line num="44" count="1" type="stmt"/>
        <line num="48" count="3" type="stmt"/>
        <line num="49" count="3" type="cond" truecount="2" falsecount="0"/>
        <line num="50" count="1" type="stmt"/>
        <line num="53" count="2" type="stmt"/>
        <line num="54" count="2" type="stmt"/>
        <line num="55" count="2" type="stmt"/>
        <line num="58" count="2" type="stmt"/>
        <line num="63" count="2" type="stmt"/>
        <line num="73" count="2" type="stmt"/>
        <line num="74" count="1" type="stmt"/>
        <line num="76" count="3" type="stmt"/>
        <line num="81" count="1" type="stmt"/>
        <line num="82" count="3" type="stmt"/>
        <line num="83" count="3" type="stmt"/>
        <line num="87" count="2" type="stmt"/>
        <line num="89" count="1" type="stmt"/>
        <line num="94" count="1" type="stmt"/>
        <line num="95" count="5" type="stmt"/>
        <line num="96" count="5" type="stmt"/>
        <line num="101" count="4" type="cond" truecount="2" falsecount="0"/>
        <line num="103" count="2" type="stmt"/>
        <line num="105" count="1" type="stmt"/>
        <line num="111" count="1" type="stmt"/>
        <line num="112" count="18" type="stmt"/>
        <line num="113" count="18" type="stmt"/>
        <line num="114" count="18" type="stmt"/>
        <line num="116" count="18" type="cond" truecount="2" falsecount="0"/>
        <line num="117" count="1" type="stmt"/>
        <line num="121" count="17" type="stmt"/>
        <line num="124" count="17" type="cond" truecount="2" falsecount="0"/>
        <line num="125" count="2" type="stmt"/>
        <line num="126" count="2" type="cond" truecount="2" falsecount="0"/>
        <line num="127" count="1" type="stmt"/>
        <line num="130" count="16" type="cond" truecount="2" falsecount="0"/>
        <line num="131" count="2" type="stmt"/>
        <line num="132" count="2" type="cond" truecount="2" falsecount="0"/>
        <line num="133" count="1" type="stmt"/>
        <line num="136" count="15" type="cond" truecount="2" falsecount="0"/>
        <line num="137" count="1" type="stmt"/>
        <line num="140" count="15" type="cond" truecount="2" falsecount="0"/>
        <line num="141" count="3" type="stmt"/>
        <line num="142" count="3" type="stmt"/>
        <line num="143" count="2" type="cond" truecount="2" falsecount="0"/>
        <line num="144" count="1" type="stmt"/>
        <line num="146" count="1" type="stmt"/>
        <line num="147" count="1" type="stmt"/>
        <line num="149" count="1" type="stmt"/>
        <line num="153" count="13" type="cond" truecount="2" falsecount="0"/>
        <line num="154" count="4" type="stmt"/>
        <line num="155" count="4" type="stmt"/>
        <line num="156" count="4" type="cond" truecount="2" falsecount="0"/>
        <line num="157" count="2" type="stmt"/>
        <line num="160" count="2" type="stmt"/>
        <line num="161" count="2" type="stmt"/>
        <line num="162" count="1" type="stmt"/>
        <line num="163" count="1" type="stmt"/>
        <line num="165" count="1" type="stmt"/>
        <line num="169" count="10" type="cond" truecount="2" falsecount="0"/>
        <line num="171" count="5" type="cond" truecount="2" falsecount="0"/>
        <line num="172" count="3" type="stmt"/>
        <line num="174" count="2" type="stmt"/>
        <line num="176" count="5" type="cond" truecount="2" falsecount="0"/>
        <line num="177" count="2" type="stmt"/>
        <line num="180" count="7" type="cond" truecount="2" falsecount="0"/>
        <line num="181" count="3" type="stmt"/>
        <line num="184" count="7" type="stmt"/>
        <line num="193" count="5" type="cond" truecount="2" falsecount="0"/>
        <line num="195" count="4" type="stmt"/>
        <line num="197" count="2" type="stmt"/>
        <line num="202" count="1" type="stmt"/>
        <line num="203" count="4" type="stmt"/>
        <line num="204" count="4" type="stmt"/>
        <line num="206" count="4" type="cond" truecount="2" falsecount="0"/>
        <line num="207" count="1" type="stmt"/>
        <line num="210" count="3" type="stmt"/>
        <line num="212" count="2" type="cond" truecount="2" falsecount="0"/>
        <line num="214" count="1" type="stmt"/>
        <line num="215" count="1" type="stmt"/>
        <line num="217" count="1" type="stmt"/>
      </file>
      <file name="productsControllers.js" path="C:\drive_D\SET Basic\Task 1\set_api\src\controllers\productsControllers.js">
        <metrics statements="34" coveredstatements="34" conditionals="10" coveredconditionals="10" methods="5" coveredmethods="5"/>
        <line num="1" count="1" type="stmt"/>
        <line num="4" count="1" type="stmt"/>
        <line num="5" count="2" type="stmt"/>
        <line num="6" count="2" type="stmt"/>
        <line num="7" count="1" type="stmt"/>
        <line num="9" count="1" type="stmt"/>
        <line num="14" count="1" type="stmt"/>
        <line num="15" count="3" type="stmt"/>
        <line num="16" count="3" type="stmt"/>
        <line num="17" count="2" type="cond" truecount="2" falsecount="0"/>
        <line num="18" count="1" type="stmt"/>
        <line num="20" count="1" type="stmt"/>
        <line num="25" count="1" type="stmt"/>
        <line num="26" count="3" type="stmt"/>
        <line num="27" count="3" type="stmt"/>
        <line num="29" count="3" type="cond" truecount="4" falsecount="0"/>
        <line num="30" count="1" type="stmt"/>
        <line num="33" count="2" type="stmt"/>
        <line num="41" count="2" type="stmt"/>
        <line num="42" count="1" type="stmt"/>
        <line num="44" count="1" type="stmt"/>
        <line num="49" count="1" type="stmt"/>
        <line num="50" count="3" type="stmt"/>
        <line num="51" count="3" type="stmt"/>
        <line num="53" count="2" type="stmt"/>
        <line num="59" count="2" type="cond" truecount="2" falsecount="0"/>
        <line num="60" count="1" type="stmt"/>
        <line num="62" count="1" type="stmt"/>
        <line num="67" count="1" type="stmt"/>
        <line num="68" count="3" type="stmt"/>
        <line num="69" count="3" type="stmt"/>
        <line num="70" count="2" type="cond" truecount="2" falsecount="0"/>
        <line num="71" count="1" type="stmt"/>
        <line num="73" count="1" type="stmt"/>
      </file>
      <file name="userController.js" path="C:\drive_D\SET Basic\Task 1\set_api\src\controllers\userController.js">
        <metrics statements="69" coveredstatements="69" conditionals="24" coveredconditionals="24" methods="5" coveredmethods="5"/>
        <line num="1" count="1" type="stmt"/>
        <line num="2" count="1" type="stmt"/>
        <line num="5" count="1" type="stmt"/>
        <line num="6" count="2" type="stmt"/>
        <line num="7" count="2" type="stmt"/>
        <line num="8" count="1" type="stmt"/>
        <line num="10" count="1" type="stmt"/>
        <line num="15" count="1" type="stmt"/>
        <line num="16" count="4" type="stmt"/>
        <line num="17" count="4" type="stmt"/>
        <line num="19" count="4" type="cond" truecount="2" falsecount="0"/>
        <line num="20" count="1" type="stmt"/>
        <line num="23" count="3" type="stmt"/>
        <line num="24" count="2" type="cond" truecount="2" falsecount="0"/>
        <line num="25" count="1" type="stmt"/>
        <line num="27" count="1" type="stmt"/>
        <line num="32" count="1" type="stmt"/>
        <line num="33" count="4" type="stmt"/>
        <line num="34" count="4" type="stmt"/>
        <line num="35" count="4" type="stmt"/>
        <line num="37" count="4" type="cond" truecount="2" falsecount="0"/>
        <line num="38" count="1" type="stmt"/>
        <line num="41" count="3" type="stmt"/>
        <line num="46" count="2" type="cond" truecount="2" falsecount="0"/>
        <line num="48" count="1" type="stmt"/>
        <line num="50" count="1" type="stmt"/>
        <line num="55" count="1" type="stmt"/>
        <line num="56" count="4" type="stmt"/>
        <line num="57" count="4" type="stmt"/>
        <line num="59" count="4" type="cond" truecount="2" falsecount="0"/>
        <line num="60" count="1" type="stmt"/>
        <line num="63" count="3" type="stmt"/>
        <line num="64" count="2" type="cond" truecount="2" falsecount="0"/>
        <line num="65" count="1" type="stmt"/>
        <line num="67" count="1" type="stmt"/>
        <line num="72" count="1" type="stmt"/>
        <line num="73" count="6" type="stmt"/>
        <line num="75" count="6" type="stmt"/>
        <line num="76" count="6" type="stmt"/>
        <line num="78" count="6" type="stmt"/>
        <line num="80" count="6" type="cond" truecount="6" falsecount="0"/>
        <line num="81" count="1" type="stmt"/>
        <line num="82" count="1" type="stmt"/>
        <line num="85" count="5" type="stmt"/>
        <line num="86" count="5" type="stmt"/>
        <line num="87" count="4" type="cond" truecount="2" falsecount="0"/>
        <line num="88" count="1" type="stmt"/>
        <line num="89" count="1" type="stmt"/>
        <line num="92" count="3" type="stmt"/>
        <line num="93" count="3" type="stmt"/>
        <line num="94" count="3" type="cond" truecount="2" falsecount="0"/>
        <line num="95" count="1" type="stmt"/>
        <line num="96" count="1" type="stmt"/>
        <line num="99" count="2" type="stmt"/>
        <line num="100" count="2" type="stmt"/>
        <line num="101" count="2" type="stmt"/>
        <line num="102" count="2" type="cond" truecount="2" falsecount="0"/>
        <line num="103" count="1" type="stmt"/>
        <line num="104" count="1" type="stmt"/>
        <line num="107" count="1" type="stmt"/>
        <line num="108" count="1" type="stmt"/>
        <line num="109" count="1" type="stmt"/>
        <line num="111" count="1" type="stmt"/>
        <line num="112" count="1" type="stmt"/>
        <line num="113" count="1" type="stmt"/>
        <line num="115" count="1" type="stmt"/>
        <line num="117" count="1" type="stmt"/>
        <line num="118" count="1" type="stmt"/>
        <line num="119" count="1" type="stmt"/>
      </file>
    </package>
    <package name="models">
      <metrics statements="20" coveredstatements="20" conditionals="0" coveredconditionals="0" methods="0" coveredmethods="0"/>
      <file name="BookStore.js" path="C:\drive_D\SET Basic\Task 1\set_api\src\models\BookStore.js">
        <metrics statements="3" coveredstatements="3" conditionals="0" coveredconditionals="0" methods="0" coveredmethods="0"/>
        <line num="1" count="1" type="stmt"/>
        <line num="3" count="1" type="stmt"/>
        <line num="28" count="1" type="stmt"/>
      </file>
      <file name="Booking.js" path="C:\drive_D\SET Basic\Task 1\set_api\src\models\Booking.js">
        <metrics statements="3" coveredstatements="3" conditionals="0" coveredconditionals="0" methods="0" coveredmethods="0"/>
        <line num="1" count="1" type="stmt"/>
        <line num="3" count="1" type="stmt"/>
        <line num="40" count="1" type="stmt"/>
      </file>
      <file name="BookingStatus.js" path="C:\drive_D\SET Basic\Task 1\set_api\src\models\BookingStatus.js">
        <metrics statements="3" coveredstatements="3" conditionals="0" coveredconditionals="0" methods="0" coveredmethods="0"/>
        <line num="1" count="1" type="stmt"/>
        <line num="3" count="1" type="stmt"/>
        <line num="13" count="1" type="stmt"/>
      </file>
      <file name="Products.js" path="C:\drive_D\SET Basic\Task 1\set_api\src\models\Products.js">
        <metrics statements="4" coveredstatements="4" conditionals="0" coveredconditionals="0" methods="0" coveredmethods="0"/>
        <line num="1" count="3" type="stmt"/>
        <line num="3" count="3" type="stmt"/>
        <line num="27" count="3" type="stmt"/>
        <line num="33" count="3" type="stmt"/>
      </file>
      <file name="Role.js" path="C:\drive_D\SET Basic\Task 1\set_api\src\models\Role.js">
        <metrics statements="3" coveredstatements="3" conditionals="0" coveredconditionals="0" methods="0" coveredmethods="0"/>
        <line num="1" count="1" type="stmt"/>
        <line num="3" count="1" type="stmt"/>
        <line num="18" count="1" type="stmt"/>
      </file>
      <file name="User.js" path="C:\drive_D\SET Basic\Task 1\set_api\src\models\User.js">
        <metrics statements="4" coveredstatements="4" conditionals="0" coveredconditionals="0" methods="0" coveredmethods="0"/>
        <line num="1" count="2" type="stmt"/>
        <line num="3" count="2" type="stmt"/>
        <line num="19" count="2" type="stmt"/>
        <line num="25" count="2" type="stmt"/>
      </file>
    </package>
  </project>
</coverage>
