{"C:\\drive_D\\SET Basic\\Task 1\\set_api\\controllers\\bookStoreController.js": {"path":"C:\\drive_D\\SET Basic\\Task 1\\set_api\\controllers\\bookStoreController.js","statementMap":{"0":{"start":{"line":1,"column":18},"end":{"line":1,"column":48}},"1":{"start":{"line":2,"column":16},"end":{"line":2,"column":45}},"2":{"start":{"line":5,"column":0},"end":{"line":32,"column":2}},"3":{"start":{"line":6,"column":2},"end":{"line":31,"column":3}},"4":{"start":{"line":7,"column":64},"end":{"line":7,"column":72}},"5":{"start":{"line":10,"column":4},"end":{"line":12,"column":5}},"6":{"start":{"line":11,"column":6},"end":{"line":11,"column":73}},"7":{"start":{"line":15,"column":20},"end":{"line":15,"column":54}},"8":{"start":{"line":16,"column":4},"end":{"line":18,"column":5}},"9":{"start":{"line":17,"column":6},"end":{"line":17,"column":68}},"10":{"start":{"line":20,"column":29},"end":{"line":25,"column":6}},"11":{"start":{"line":27,"column":4},"end":{"line":27,"column":34}},"12":{"start":{"line":28,"column":4},"end":{"line":28,"column":110}},"13":{"start":{"line":30,"column":4},"end":{"line":30,"column":78}},"14":{"start":{"line":35,"column":0},"end":{"line":42,"column":2}},"15":{"start":{"line":36,"column":2},"end":{"line":41,"column":3}},"16":{"start":{"line":37,"column":27},"end":{"line":37,"column":116}},"17":{"start":{"line":38,"column":4},"end":{"line":38,"column":41}},"18":{"start":{"line":40,"column":4},"end":{"line":40,"column":81}},"19":{"start":{"line":45,"column":0},"end":{"line":55,"column":2}},"20":{"start":{"line":46,"column":2},"end":{"line":54,"column":3}},"21":{"start":{"line":47,"column":26},"end":{"line":47,"column":132}},"22":{"start":{"line":48,"column":4},"end":{"line":50,"column":5}},"23":{"start":{"line":49,"column":6},"end":{"line":49,"column":75}},"24":{"start":{"line":51,"column":4},"end":{"line":51,"column":40}},"25":{"start":{"line":53,"column":4},"end":{"line":53,"column":80}},"26":{"start":{"line":58,"column":0},"end":{"line":76,"column":2}},"27":{"start":{"line":59,"column":2},"end":{"line":75,"column":3}},"28":{"start":{"line":60,"column":52},"end":{"line":60,"column":60}},"29":{"start":{"line":62,"column":26},"end":{"line":62,"column":65}},"30":{"start":{"line":63,"column":4},"end":{"line":65,"column":5}},"31":{"start":{"line":64,"column":6},"end":{"line":64,"column":75}},"32":{"start":{"line":67,"column":4},"end":{"line":67,"column":81}},"33":{"start":{"line":67,"column":37},"end":{"line":67,"column":81}},"34":{"start":{"line":68,"column":4},"end":{"line":68,"column":72}},"35":{"start":{"line":68,"column":34},"end":{"line":68,"column":72}},"36":{"start":{"line":69,"column":4},"end":{"line":69,"column":66}},"37":{"start":{"line":69,"column":32},"end":{"line":69,"column":66}},"38":{"start":{"line":71,"column":4},"end":{"line":71,"column":31}},"39":{"start":{"line":72,"column":4},"end":{"line":72,"column":92}},"40":{"start":{"line":74,"column":4},"end":{"line":74,"column":78}},"41":{"start":{"line":79,"column":0},"end":{"line":91,"column":2}},"42":{"start":{"line":80,"column":2},"end":{"line":90,"column":3}},"43":{"start":{"line":81,"column":26},"end":{"line":81,"column":65}},"44":{"start":{"line":82,"column":4},"end":{"line":84,"column":5}},"45":{"start":{"line":83,"column":6},"end":{"line":83,"column":75}},"46":{"start":{"line":86,"column":4},"end":{"line":86,"column":53}},"47":{"start":{"line":87,"column":4},"end":{"line":87,"column":77}},"48":{"start":{"line":89,"column":4},"end":{"line":89,"column":78}}},"fnMap":{"0":{"name":"(anonymous_0)","decl":{"start":{"line":5,"column":30},"end":{"line":5,"column":31}},"loc":{"start":{"line":5,"column":50},"end":{"line":32,"column":1}},"line":5},"1":{"name":"(anonymous_1)","decl":{"start":{"line":35,"column":28},"end":{"line":35,"column":29}},"loc":{"start":{"line":35,"column":48},"end":{"line":42,"column":1}},"line":35},"2":{"name":"(anonymous_2)","decl":{"start":{"line":45,"column":27},"end":{"line":45,"column":28}},"loc":{"start":{"line":45,"column":47},"end":{"line":55,"column":1}},"line":45},"3":{"name":"(anonymous_3)","decl":{"start":{"line":58,"column":30},"end":{"line":58,"column":31}},"loc":{"start":{"line":58,"column":50},"end":{"line":76,"column":1}},"line":58},"4":{"name":"(anonymous_4)","decl":{"start":{"line":79,"column":30},"end":{"line":79,"column":31}},"loc":{"start":{"line":79,"column":50},"end":{"line":91,"column":1}},"line":79}},"branchMap":{"0":{"loc":{"start":{"line":10,"column":4},"end":{"line":12,"column":5}},"type":"if","locations":[{"start":{"line":10,"column":4},"end":{"line":12,"column":5}},{"start":{},"end":{}}],"line":10},"1":{"loc":{"start":{"line":16,"column":4},"end":{"line":18,"column":5}},"type":"if","locations":[{"start":{"line":16,"column":4},"end":{"line":18,"column":5}},{"start":{},"end":{}}],"line":16},"2":{"loc":{"start":{"line":22,"column":21},"end":{"line":22,"column":39}},"type":"binary-expr","locations":[{"start":{"line":22,"column":21},"end":{"line":22,"column":34}},{"start":{"line":22,"column":38},"end":{"line":22,"column":39}}],"line":22},"3":{"loc":{"start":{"line":23,"column":18},"end":{"line":23,"column":33}},"type":"binary-expr","locations":[{"start":{"line":23,"column":18},"end":{"line":23,"column":28}},{"start":{"line":23,"column":32},"end":{"line":23,"column":33}}],"line":23},"4":{"loc":{"start":{"line":24,"column":16},"end":{"line":24,"column":29}},"type":"binary-expr","locations":[{"start":{"line":24,"column":16},"end":{"line":24,"column":24}},{"start":{"line":24,"column":28},"end":{"line":24,"column":29}}],"line":24},"5":{"loc":{"start":{"line":48,"column":4},"end":{"line":50,"column":5}},"type":"if","locations":[{"start":{"line":48,"column":4},"end":{"line":50,"column":5}},{"start":{},"end":{}}],"line":48},"6":{"loc":{"start":{"line":63,"column":4},"end":{"line":65,"column":5}},"type":"if","locations":[{"start":{"line":63,"column":4},"end":{"line":65,"column":5}},{"start":{},"end":{}}],"line":63},"7":{"loc":{"start":{"line":67,"column":4},"end":{"line":67,"column":81}},"type":"if","locations":[{"start":{"line":67,"column":4},"end":{"line":67,"column":81}},{"start":{},"end":{}}],"line":67},"8":{"loc":{"start":{"line":68,"column":4},"end":{"line":68,"column":72}},"type":"if","locations":[{"start":{"line":68,"column":4},"end":{"line":68,"column":72}},{"start":{},"end":{}}],"line":68},"9":{"loc":{"start":{"line":69,"column":4},"end":{"line":69,"column":66}},"type":"if","locations":[{"start":{"line":69,"column":4},"end":{"line":69,"column":66}},{"start":{},"end":{}}],"line":69},"10":{"loc":{"start":{"line":82,"column":4},"end":{"line":84,"column":5}},"type":"if","locations":[{"start":{"line":82,"column":4},"end":{"line":84,"column":5}},{"start":{},"end":{}}],"line":82}},"s":{"0":1,"1":1,"2":1,"3":5,"4":5,"5":5,"6":1,"7":4,"8":3,"9":1,"10":2,"11":2,"12":2,"13":1,"14":1,"15":2,"16":2,"17":1,"18":1,"19":1,"20":3,"21":3,"22":2,"23":1,"24":1,"25":1,"26":1,"27":4,"28":4,"29":3,"30":3,"31":1,"32":2,"33":2,"34":2,"35":1,"36":2,"37":1,"38":2,"39":2,"40":1,"41":1,"42":3,"43":3,"44":2,"45":1,"46":1,"47":1,"48":1},"f":{"0":5,"1":2,"2":3,"3":4,"4":3},"b":{"0":[1,4],"1":[1,2],"2":[2,1],"3":[2,1],"4":[2,1],"5":[1,1],"6":[1,2],"7":[2,0],"8":[1,1],"9":[1,1],"10":[1,1]},"_coverageSchema":"1a1c01bbd47fc00a2c39e90264f33305004495a9","hash":"393dae3af32df7c522a3c87261a434c6762fea19"}
,"C:\\drive_D\\SET Basic\\Task 1\\set_api\\controllers\\bookingController.js": {"path":"C:\\drive_D\\SET Basic\\Task 1\\set_api\\controllers\\bookingController.js","statementMap":{"0":{"start":{"line":1,"column":16},"end":{"line":1,"column":44}},"1":{"start":{"line":2,"column":16},"end":{"line":2,"column":45}},"2":{"start":{"line":3,"column":22},"end":{"line":3,"column":56}},"3":{"start":{"line":4,"column":13},"end":{"line":4,"column":38}},"4":{"start":{"line":8,"column":0},"end":{"line":78,"column":2}},"5":{"start":{"line":9,"column":2},"end":{"line":77,"column":3}},"6":{"start":{"line":10,"column":105},"end":{"line":10,"column":113}},"7":{"start":{"line":13,"column":4},"end":{"line":17,"column":5}},"8":{"start":{"line":14,"column":6},"end":{"line":16,"column":9}},"9":{"start":{"line":20,"column":17},"end":{"line":20,"column":45}},"10":{"start":{"line":21,"column":4},"end":{"line":21,"column":74}},"11":{"start":{"line":21,"column":15},"end":{"line":21,"column":74}},"12":{"start":{"line":24,"column":20},"end":{"line":24,"column":54}},"13":{"start":{"line":25,"column":4},"end":{"line":25,"column":80}},"14":{"start":{"line":25,"column":18},"end":{"line":25,"column":80}},"15":{"start":{"line":29,"column":4},"end":{"line":33,"column":5}},"16":{"start":{"line":30,"column":6},"end":{"line":30,"column":55}},"17":{"start":{"line":32,"column":6},"end":{"line":32,"column":64}},"18":{"start":{"line":34,"column":4},"end":{"line":34,"column":86}},"19":{"start":{"line":34,"column":17},"end":{"line":34,"column":86}},"20":{"start":{"line":40,"column":4},"end":{"line":61,"column":5}},"21":{"start":{"line":42,"column":6},"end":{"line":42,"column":51}},"22":{"start":{"line":43,"column":6},"end":{"line":45,"column":7}},"23":{"start":{"line":44,"column":8},"end":{"line":44,"column":49}},"24":{"start":{"line":48,"column":24},"end":{"line":48,"column":60}},"25":{"start":{"line":49,"column":6},"end":{"line":51,"column":7}},"26":{"start":{"line":50,"column":8},"end":{"line":50,"column":56}},"27":{"start":{"line":53,"column":31},"end":{"line":53,"column":55}},"28":{"start":{"line":54,"column":6},"end":{"line":54,"column":38}},"29":{"start":{"line":55,"column":6},"end":{"line":55,"column":76}},"30":{"start":{"line":58,"column":6},"end":{"line":60,"column":9}},"31":{"start":{"line":63,"column":20},"end":{"line":71,"column":6}},"32":{"start":{"line":73,"column":4},"end":{"line":73,"column":25}},"33":{"start":{"line":74,"column":4},"end":{"line":74,"column":79}},"34":{"start":{"line":76,"column":4},"end":{"line":76,"column":71}},"35":{"start":{"line":81,"column":0},"end":{"line":91,"column":2}},"36":{"start":{"line":82,"column":2},"end":{"line":90,"column":3}},"37":{"start":{"line":83,"column":21},"end":{"line":86,"column":34}},"38":{"start":{"line":87,"column":4},"end":{"line":87,"column":35}},"39":{"start":{"line":89,"column":4},"end":{"line":89,"column":74}},"40":{"start":{"line":94,"column":0},"end":{"line":107,"column":2}},"41":{"start":{"line":95,"column":2},"end":{"line":106,"column":3}},"42":{"start":{"line":96,"column":20},"end":{"line":99,"column":34}},"43":{"start":{"line":101,"column":4},"end":{"line":101,"column":80}},"44":{"start":{"line":101,"column":18},"end":{"line":101,"column":80}},"45":{"start":{"line":103,"column":4},"end":{"line":103,"column":34}},"46":{"start":{"line":105,"column":4},"end":{"line":105,"column":73}},"47":{"start":{"line":111,"column":0},"end":{"line":199,"column":2}},"48":{"start":{"line":112,"column":2},"end":{"line":198,"column":3}},"49":{"start":{"line":113,"column":22},"end":{"line":113,"column":35}},"50":{"start":{"line":114,"column":105},"end":{"line":114,"column":113}},"51":{"start":{"line":116,"column":4},"end":{"line":118,"column":5}},"52":{"start":{"line":117,"column":6},"end":{"line":117,"column":73}},"53":{"start":{"line":121,"column":23},"end":{"line":121,"column":25}},"54":{"start":{"line":124,"column":4},"end":{"line":128,"column":5}},"55":{"start":{"line":125,"column":19},"end":{"line":125,"column":47}},"56":{"start":{"line":126,"column":6},"end":{"line":126,"column":76}},"57":{"start":{"line":126,"column":17},"end":{"line":126,"column":76}},"58":{"start":{"line":127,"column":6},"end":{"line":127,"column":35}},"59":{"start":{"line":130,"column":4},"end":{"line":134,"column":5}},"60":{"start":{"line":131,"column":22},"end":{"line":131,"column":56}},"61":{"start":{"line":132,"column":6},"end":{"line":132,"column":82}},"62":{"start":{"line":132,"column":20},"end":{"line":132,"column":82}},"63":{"start":{"line":133,"column":6},"end":{"line":133,"column":41}},"64":{"start":{"line":136,"column":4},"end":{"line":138,"column":5}},"65":{"start":{"line":137,"column":6},"end":{"line":137,"column":53}},"66":{"start":{"line":140,"column":4},"end":{"line":151,"column":5}},"67":{"start":{"line":141,"column":6},"end":{"line":150,"column":7}},"68":{"start":{"line":142,"column":35},"end":{"line":142,"column":58}},"69":{"start":{"line":143,"column":8},"end":{"line":145,"column":9}},"70":{"start":{"line":144,"column":10},"end":{"line":144,"column":120}},"71":{"start":{"line":146,"column":8},"end":{"line":146,"column":48}},"72":{"start":{"line":147,"column":8},"end":{"line":147,"column":54}},"73":{"start":{"line":149,"column":8},"end":{"line":149,"column":118}},"74":{"start":{"line":153,"column":4},"end":{"line":167,"column":5}},"75":{"start":{"line":154,"column":6},"end":{"line":166,"column":7}},"76":{"start":{"line":155,"column":26},"end":{"line":155,"column":62}},"77":{"start":{"line":156,"column":8},"end":{"line":158,"column":9}},"78":{"start":{"line":157,"column":10},"end":{"line":157,"column":110}},"79":{"start":{"line":160,"column":33},"end":{"line":160,"column":57}},"80":{"start":{"line":161,"column":35},"end":{"line":161,"column":45}},"81":{"start":{"line":162,"column":8},"end":{"line":162,"column":78}},"82":{"start":{"line":163,"column":8},"end":{"line":163,"column":54}},"83":{"start":{"line":165,"column":8},"end":{"line":165,"column":108}},"84":{"start":{"line":169,"column":4},"end":{"line":178,"column":5}},"85":{"start":{"line":171,"column":6},"end":{"line":175,"column":7}},"86":{"start":{"line":172,"column":8},"end":{"line":172,"column":57}},"87":{"start":{"line":174,"column":8},"end":{"line":174,"column":66}},"88":{"start":{"line":176,"column":6},"end":{"line":176,"column":88}},"89":{"start":{"line":176,"column":19},"end":{"line":176,"column":88}},"90":{"start":{"line":177,"column":6},"end":{"line":177,"column":40}},"91":{"start":{"line":180,"column":4},"end":{"line":182,"column":5}},"92":{"start":{"line":181,"column":6},"end":{"line":181,"column":47}},"93":{"start":{"line":184,"column":27},"end":{"line":191,"column":36}},"94":{"start":{"line":193,"column":4},"end":{"line":193,"column":87}},"95":{"start":{"line":193,"column":25},"end":{"line":193,"column":87}},"96":{"start":{"line":195,"column":4},"end":{"line":195,"column":95}},"97":{"start":{"line":197,"column":4},"end":{"line":197,"column":71}},"98":{"start":{"line":202,"column":0},"end":{"line":219,"column":2}},"99":{"start":{"line":203,"column":2},"end":{"line":218,"column":3}},"100":{"start":{"line":204,"column":22},"end":{"line":204,"column":35}},"101":{"start":{"line":206,"column":4},"end":{"line":208,"column":5}},"102":{"start":{"line":207,"column":6},"end":{"line":207,"column":73}},"103":{"start":{"line":210,"column":20},"end":{"line":210,"column":53}},"104":{"start":{"line":212,"column":4},"end":{"line":212,"column":80}},"105":{"start":{"line":212,"column":18},"end":{"line":212,"column":80}},"106":{"start":{"line":214,"column":4},"end":{"line":214,"column":47}},"107":{"start":{"line":215,"column":4},"end":{"line":215,"column":70}},"108":{"start":{"line":217,"column":4},"end":{"line":217,"column":71}}},"fnMap":{"0":{"name":"(anonymous_0)","decl":{"start":{"line":8,"column":24},"end":{"line":8,"column":25}},"loc":{"start":{"line":8,"column":44},"end":{"line":78,"column":1}},"line":8},"1":{"name":"(anonymous_1)","decl":{"start":{"line":81,"column":22},"end":{"line":81,"column":23}},"loc":{"start":{"line":81,"column":42},"end":{"line":91,"column":1}},"line":81},"2":{"name":"(anonymous_2)","decl":{"start":{"line":94,"column":21},"end":{"line":94,"column":22}},"loc":{"start":{"line":94,"column":41},"end":{"line":107,"column":1}},"line":94},"3":{"name":"(anonymous_3)","decl":{"start":{"line":111,"column":24},"end":{"line":111,"column":25}},"loc":{"start":{"line":111,"column":44},"end":{"line":199,"column":1}},"line":111},"4":{"name":"(anonymous_4)","decl":{"start":{"line":202,"column":24},"end":{"line":202,"column":25}},"loc":{"start":{"line":202,"column":44},"end":{"line":219,"column":1}},"line":202}},"branchMap":{"0":{"loc":{"start":{"line":13,"column":4},"end":{"line":17,"column":5}},"type":"if","locations":[{"start":{"line":13,"column":4},"end":{"line":17,"column":5}},{"start":{},"end":{}}],"line":13},"1":{"loc":{"start":{"line":13,"column":8},"end":{"line":13,"column":115}},"type":"binary-expr","locations":[{"start":{"line":13,"column":8},"end":{"line":13,"column":16}},{"start":{"line":13,"column":20},"end":{"line":13,"column":31}},{"start":{"line":13,"column":35},"end":{"line":13,"column":52}},{"start":{"line":13,"column":56},"end":{"line":13,"column":70}},{"start":{"line":13,"column":74},"end":{"line":13,"column":88}},{"start":{"line":13,"column":92},"end":{"line":13,"column":102}},{"start":{"line":13,"column":106},"end":{"line":13,"column":115}}],"line":13},"2":{"loc":{"start":{"line":21,"column":4},"end":{"line":21,"column":74}},"type":"if","locations":[{"start":{"line":21,"column":4},"end":{"line":21,"column":74}},{"start":{},"end":{}}],"line":21},"3":{"loc":{"start":{"line":25,"column":4},"end":{"line":25,"column":80}},"type":"if","locations":[{"start":{"line":25,"column":4},"end":{"line":25,"column":80}},{"start":{},"end":{}}],"line":25},"4":{"loc":{"start":{"line":29,"column":4},"end":{"line":33,"column":5}},"type":"if","locations":[{"start":{"line":29,"column":4},"end":{"line":33,"column":5}},{"start":{"line":31,"column":11},"end":{"line":33,"column":5}}],"line":29},"5":{"loc":{"start":{"line":34,"column":4},"end":{"line":34,"column":86}},"type":"if","locations":[{"start":{"line":34,"column":4},"end":{"line":34,"column":86}},{"start":{},"end":{}}],"line":34},"6":{"loc":{"start":{"line":43,"column":6},"end":{"line":45,"column":7}},"type":"if","locations":[{"start":{"line":43,"column":6},"end":{"line":45,"column":7}},{"start":{},"end":{}}],"line":43},"7":{"loc":{"start":{"line":49,"column":6},"end":{"line":51,"column":7}},"type":"if","locations":[{"start":{"line":49,"column":6},"end":{"line":51,"column":7}},{"start":{},"end":{}}],"line":49},"8":{"loc":{"start":{"line":101,"column":4},"end":{"line":101,"column":80}},"type":"if","locations":[{"start":{"line":101,"column":4},"end":{"line":101,"column":80}},{"start":{},"end":{}}],"line":101},"9":{"loc":{"start":{"line":116,"column":4},"end":{"line":118,"column":5}},"type":"if","locations":[{"start":{"line":116,"column":4},"end":{"line":118,"column":5}},{"start":{},"end":{}}],"line":116},"10":{"loc":{"start":{"line":124,"column":4},"end":{"line":128,"column":5}},"type":"if","locations":[{"start":{"line":124,"column":4},"end":{"line":128,"column":5}},{"start":{},"end":{}}],"line":124},"11":{"loc":{"start":{"line":126,"column":6},"end":{"line":126,"column":76}},"type":"if","locations":[{"start":{"line":126,"column":6},"end":{"line":126,"column":76}},{"start":{},"end":{}}],"line":126},"12":{"loc":{"start":{"line":130,"column":4},"end":{"line":134,"column":5}},"type":"if","locations":[{"start":{"line":130,"column":4},"end":{"line":134,"column":5}},{"start":{},"end":{}}],"line":130},"13":{"loc":{"start":{"line":132,"column":6},"end":{"line":132,"column":82}},"type":"if","locations":[{"start":{"line":132,"column":6},"end":{"line":132,"column":82}},{"start":{},"end":{}}],"line":132},"14":{"loc":{"start":{"line":136,"column":4},"end":{"line":138,"column":5}},"type":"if","locations":[{"start":{"line":136,"column":4},"end":{"line":138,"column":5}},{"start":{},"end":{}}],"line":136},"15":{"loc":{"start":{"line":140,"column":4},"end":{"line":151,"column":5}},"type":"if","locations":[{"start":{"line":140,"column":4},"end":{"line":151,"column":5}},{"start":{},"end":{}}],"line":140},"16":{"loc":{"start":{"line":143,"column":8},"end":{"line":145,"column":9}},"type":"if","locations":[{"start":{"line":143,"column":8},"end":{"line":145,"column":9}},{"start":{},"end":{}}],"line":143},"17":{"loc":{"start":{"line":153,"column":4},"end":{"line":167,"column":5}},"type":"if","locations":[{"start":{"line":153,"column":4},"end":{"line":167,"column":5}},{"start":{},"end":{}}],"line":153},"18":{"loc":{"start":{"line":156,"column":8},"end":{"line":158,"column":9}},"type":"if","locations":[{"start":{"line":156,"column":8},"end":{"line":158,"column":9}},{"start":{},"end":{}}],"line":156},"19":{"loc":{"start":{"line":169,"column":4},"end":{"line":178,"column":5}},"type":"if","locations":[{"start":{"line":169,"column":4},"end":{"line":178,"column":5}},{"start":{},"end":{}}],"line":169},"20":{"loc":{"start":{"line":171,"column":6},"end":{"line":175,"column":7}},"type":"if","locations":[{"start":{"line":171,"column":6},"end":{"line":175,"column":7}},{"start":{"line":173,"column":13},"end":{"line":175,"column":7}}],"line":171},"21":{"loc":{"start":{"line":176,"column":6},"end":{"line":176,"column":88}},"type":"if","locations":[{"start":{"line":176,"column":6},"end":{"line":176,"column":88}},{"start":{},"end":{}}],"line":176},"22":{"loc":{"start":{"line":180,"column":4},"end":{"line":182,"column":5}},"type":"if","locations":[{"start":{"line":180,"column":4},"end":{"line":182,"column":5}},{"start":{},"end":{}}],"line":180},"23":{"loc":{"start":{"line":193,"column":4},"end":{"line":193,"column":87}},"type":"if","locations":[{"start":{"line":193,"column":4},"end":{"line":193,"column":87}},{"start":{},"end":{}}],"line":193},"24":{"loc":{"start":{"line":206,"column":4},"end":{"line":208,"column":5}},"type":"if","locations":[{"start":{"line":206,"column":4},"end":{"line":208,"column":5}},{"start":{},"end":{}}],"line":206},"25":{"loc":{"start":{"line":212,"column":4},"end":{"line":212,"column":80}},"type":"if","locations":[{"start":{"line":212,"column":4},"end":{"line":212,"column":80}},{"start":{},"end":{}}],"line":212}},"s":{"0":1,"1":1,"2":1,"3":1,"4":1,"5":10,"6":10,"7":10,"8":1,"9":9,"10":7,"11":1,"12":6,"13":6,"14":1,"15":5,"16":1,"17":4,"18":5,"19":1,"20":4,"21":4,"22":4,"23":1,"24":3,"25":3,"26":1,"27":2,"28":2,"29":2,"30":2,"31":2,"32":2,"33":1,"34":3,"35":1,"36":3,"37":3,"38":2,"39":1,"40":1,"41":5,"42":5,"43":4,"44":2,"45":2,"46":1,"47":1,"48":18,"49":18,"50":18,"51":18,"52":1,"53":17,"54":17,"55":2,"56":2,"57":1,"58":1,"59":16,"60":2,"61":2,"62":1,"63":1,"64":15,"65":1,"66":15,"67":3,"68":3,"69":2,"70":1,"71":1,"72":1,"73":1,"74":13,"75":4,"76":4,"77":4,"78":2,"79":2,"80":2,"81":1,"82":1,"83":1,"84":10,"85":5,"86":3,"87":2,"88":5,"89":3,"90":2,"91":7,"92":3,"93":7,"94":5,"95":1,"96":4,"97":2,"98":1,"99":4,"100":4,"101":4,"102":1,"103":3,"104":2,"105":1,"106":1,"107":1,"108":1},"f":{"0":10,"1":3,"2":5,"3":18,"4":4},"b":{"0":[1,9],"1":[10,9,9,9,9,9,9],"2":[1,6],"3":[1,5],"4":[1,4],"5":[1,4],"6":[1,3],"7":[1,2],"8":[2,2],"9":[1,17],"10":[2,15],"11":[1,1],"12":[2,14],"13":[1,1],"14":[1,14],"15":[3,12],"16":[1,1],"17":[4,9],"18":[2,2],"19":[5,5],"20":[3,2],"21":[3,2],"22":[3,4],"23":[1,4],"24":[1,3],"25":[1,1]},"_coverageSchema":"1a1c01bbd47fc00a2c39e90264f33305004495a9","hash":"ed01e111f68af98804be36c7d693c7446188b55a"}
,"C:\\drive_D\\SET Basic\\Task 1\\set_api\\controllers\\productsControllers.js": {"path":"C:\\drive_D\\SET Basic\\Task 1\\set_api\\controllers\\productsControllers.js","statementMap":{"0":{"start":{"line":1,"column":16},"end":{"line":1,"column":45}},"1":{"start":{"line":4,"column":0},"end":{"line":11,"column":2}},"2":{"start":{"line":5,"column":2},"end":{"line":10,"column":3}},"3":{"start":{"line":6,"column":21},"end":{"line":6,"column":41}},"4":{"start":{"line":7,"column":4},"end":{"line":7,"column":35}},"5":{"start":{"line":9,"column":4},"end":{"line":9,"column":74}},"6":{"start":{"line":14,"column":0},"end":{"line":22,"column":2}},"7":{"start":{"line":15,"column":2},"end":{"line":21,"column":3}},"8":{"start":{"line":16,"column":20},"end":{"line":16,"column":57}},"9":{"start":{"line":17,"column":4},"end":{"line":17,"column":80}},"10":{"start":{"line":17,"column":18},"end":{"line":17,"column":80}},"11":{"start":{"line":18,"column":4},"end":{"line":18,"column":34}},"12":{"start":{"line":20,"column":4},"end":{"line":20,"column":73}},"13":{"start":{"line":25,"column":0},"end":{"line":46,"column":2}},"14":{"start":{"line":26,"column":2},"end":{"line":45,"column":3}},"15":{"start":{"line":27,"column":61},"end":{"line":27,"column":69}},"16":{"start":{"line":29,"column":4},"end":{"line":31,"column":5}},"17":{"start":{"line":30,"column":6},"end":{"line":30,"column":78}},"18":{"start":{"line":33,"column":20},"end":{"line":39,"column":6}},"19":{"start":{"line":41,"column":4},"end":{"line":41,"column":25}},"20":{"start":{"line":42,"column":4},"end":{"line":42,"column":79}},"21":{"start":{"line":44,"column":4},"end":{"line":44,"column":71}},"22":{"start":{"line":49,"column":0},"end":{"line":64,"column":2}},"23":{"start":{"line":50,"column":2},"end":{"line":63,"column":3}},"24":{"start":{"line":51,"column":61},"end":{"line":51,"column":69}},"25":{"start":{"line":53,"column":27},"end":{"line":57,"column":5}},"26":{"start":{"line":59,"column":4},"end":{"line":59,"column":87}},"27":{"start":{"line":59,"column":25},"end":{"line":59,"column":87}},"28":{"start":{"line":60,"column":4},"end":{"line":60,"column":86}},"29":{"start":{"line":62,"column":4},"end":{"line":62,"column":71}},"30":{"start":{"line":67,"column":0},"end":{"line":75,"column":2}},"31":{"start":{"line":68,"column":2},"end":{"line":74,"column":3}},"32":{"start":{"line":69,"column":27},"end":{"line":69,"column":73}},"33":{"start":{"line":70,"column":4},"end":{"line":70,"column":87}},"34":{"start":{"line":70,"column":25},"end":{"line":70,"column":87}},"35":{"start":{"line":71,"column":4},"end":{"line":71,"column":70}},"36":{"start":{"line":73,"column":4},"end":{"line":73,"column":71}}},"fnMap":{"0":{"name":"(anonymous_0)","decl":{"start":{"line":4,"column":22},"end":{"line":4,"column":23}},"loc":{"start":{"line":4,"column":42},"end":{"line":11,"column":1}},"line":4},"1":{"name":"(anonymous_1)","decl":{"start":{"line":14,"column":21},"end":{"line":14,"column":22}},"loc":{"start":{"line":14,"column":41},"end":{"line":22,"column":1}},"line":14},"2":{"name":"(anonymous_2)","decl":{"start":{"line":25,"column":24},"end":{"line":25,"column":25}},"loc":{"start":{"line":25,"column":44},"end":{"line":46,"column":1}},"line":25},"3":{"name":"(anonymous_3)","decl":{"start":{"line":49,"column":24},"end":{"line":49,"column":25}},"loc":{"start":{"line":49,"column":44},"end":{"line":64,"column":1}},"line":49},"4":{"name":"(anonymous_4)","decl":{"start":{"line":67,"column":24},"end":{"line":67,"column":25}},"loc":{"start":{"line":67,"column":44},"end":{"line":75,"column":1}},"line":67}},"branchMap":{"0":{"loc":{"start":{"line":17,"column":4},"end":{"line":17,"column":80}},"type":"if","locations":[{"start":{"line":17,"column":4},"end":{"line":17,"column":80}},{"start":{},"end":{}}],"line":17},"1":{"loc":{"start":{"line":29,"column":4},"end":{"line":31,"column":5}},"type":"if","locations":[{"start":{"line":29,"column":4},"end":{"line":31,"column":5}},{"start":{},"end":{}}],"line":29},"2":{"loc":{"start":{"line":29,"column":8},"end":{"line":29,"column":23}},"type":"binary-expr","locations":[{"start":{"line":29,"column":8},"end":{"line":29,"column":13}},{"start":{"line":29,"column":17},"end":{"line":29,"column":23}}],"line":29},"3":{"loc":{"start":{"line":59,"column":4},"end":{"line":59,"column":87}},"type":"if","locations":[{"start":{"line":59,"column":4},"end":{"line":59,"column":87}},{"start":{},"end":{}}],"line":59},"4":{"loc":{"start":{"line":70,"column":4},"end":{"line":70,"column":87}},"type":"if","locations":[{"start":{"line":70,"column":4},"end":{"line":70,"column":87}},{"start":{},"end":{}}],"line":70}},"s":{"0":1,"1":1,"2":2,"3":2,"4":1,"5":1,"6":1,"7":3,"8":3,"9":2,"10":1,"11":1,"12":1,"13":1,"14":3,"15":3,"16":3,"17":1,"18":2,"19":2,"20":1,"21":1,"22":1,"23":3,"24":3,"25":2,"26":2,"27":1,"28":1,"29":1,"30":1,"31":3,"32":3,"33":2,"34":1,"35":1,"36":1},"f":{"0":2,"1":3,"2":3,"3":3,"4":3},"b":{"0":[1,1],"1":[1,2],"2":[3,2],"3":[1,1],"4":[1,1]},"_coverageSchema":"1a1c01bbd47fc00a2c39e90264f33305004495a9","hash":"3a0a780b3ab8b2bedc4c03ab4eee7289b86b0b6b"}
,"C:\\drive_D\\SET Basic\\Task 1\\set_api\\controllers\\userController.js": {"path":"C:\\drive_D\\SET Basic\\Task 1\\set_api\\controllers\\userController.js","statementMap":{"0":{"start":{"line":1,"column":13},"end":{"line":1,"column":38}},"1":{"start":{"line":2,"column":13},"end":{"line":2,"column":38}},"2":{"start":{"line":5,"column":0},"end":{"line":12,"column":2}},"3":{"start":{"line":6,"column":2},"end":{"line":11,"column":3}},"4":{"start":{"line":7,"column":18},"end":{"line":7,"column":63}},"5":{"start":{"line":8,"column":4},"end":{"line":8,"column":32}},"6":{"start":{"line":10,"column":4},"end":{"line":10,"column":69}},"7":{"start":{"line":15,"column":0},"end":{"line":29,"column":2}},"8":{"start":{"line":16,"column":2},"end":{"line":28,"column":3}},"9":{"start":{"line":17,"column":19},"end":{"line":17,"column":32}},"10":{"start":{"line":19,"column":4},"end":{"line":21,"column":5}},"11":{"start":{"line":20,"column":6},"end":{"line":20,"column":70}},"12":{"start":{"line":23,"column":17},"end":{"line":23,"column":72}},"13":{"start":{"line":24,"column":4},"end":{"line":24,"column":74}},"14":{"start":{"line":24,"column":15},"end":{"line":24,"column":74}},"15":{"start":{"line":25,"column":4},"end":{"line":25,"column":31}},"16":{"start":{"line":27,"column":4},"end":{"line":27,"column":68}},"17":{"start":{"line":32,"column":0},"end":{"line":52,"column":2}},"18":{"start":{"line":33,"column":2},"end":{"line":51,"column":3}},"19":{"start":{"line":34,"column":19},"end":{"line":34,"column":32}},"20":{"start":{"line":35,"column":61},"end":{"line":35,"column":69}},"21":{"start":{"line":37,"column":4},"end":{"line":39,"column":5}},"22":{"start":{"line":38,"column":6},"end":{"line":38,"column":70}},"23":{"start":{"line":41,"column":24},"end":{"line":44,"column":5}},"24":{"start":{"line":46,"column":4},"end":{"line":46,"column":81}},"25":{"start":{"line":46,"column":22},"end":{"line":46,"column":81}},"26":{"start":{"line":48,"column":4},"end":{"line":48,"column":86}},"27":{"start":{"line":50,"column":4},"end":{"line":50,"column":68}},"28":{"start":{"line":55,"column":0},"end":{"line":69,"column":2}},"29":{"start":{"line":56,"column":2},"end":{"line":68,"column":3}},"30":{"start":{"line":57,"column":19},"end":{"line":57,"column":32}},"31":{"start":{"line":59,"column":4},"end":{"line":61,"column":5}},"32":{"start":{"line":60,"column":6},"end":{"line":60,"column":70}},"33":{"start":{"line":63,"column":24},"end":{"line":63,"column":60}},"34":{"start":{"line":64,"column":4},"end":{"line":64,"column":81}},"35":{"start":{"line":64,"column":22},"end":{"line":64,"column":81}},"36":{"start":{"line":65,"column":4},"end":{"line":65,"column":67}},"37":{"start":{"line":67,"column":4},"end":{"line":67,"column":68}},"38":{"start":{"line":72,"column":0},"end":{"line":124,"column":2}},"39":{"start":{"line":73,"column":2},"end":{"line":73,"column":44}},"40":{"start":{"line":75,"column":2},"end":{"line":123,"column":3}},"41":{"start":{"line":76,"column":60},"end":{"line":76,"column":68}},"42":{"start":{"line":78,"column":4},"end":{"line":78,"column":83}},"43":{"start":{"line":80,"column":4},"end":{"line":83,"column":5}},"44":{"start":{"line":81,"column":6},"end":{"line":81,"column":45}},"45":{"start":{"line":82,"column":6},"end":{"line":82,"column":95}},"46":{"start":{"line":85,"column":4},"end":{"line":85,"column":46}},"47":{"start":{"line":86,"column":26},"end":{"line":86,"column":55}},"48":{"start":{"line":87,"column":4},"end":{"line":90,"column":5}},"49":{"start":{"line":88,"column":6},"end":{"line":88,"column":42}},"50":{"start":{"line":89,"column":6},"end":{"line":89,"column":71}},"51":{"start":{"line":92,"column":4},"end":{"line":92,"column":46}},"52":{"start":{"line":93,"column":26},"end":{"line":93,"column":55}},"53":{"start":{"line":94,"column":4},"end":{"line":97,"column":5}},"54":{"start":{"line":95,"column":6},"end":{"line":95,"column":42}},"55":{"start":{"line":96,"column":6},"end":{"line":96,"column":71}},"56":{"start":{"line":99,"column":4},"end":{"line":99,"column":54}},"57":{"start":{"line":100,"column":17},"end":{"line":100,"column":45}},"58":{"start":{"line":101,"column":4},"end":{"line":101,"column":37}},"59":{"start":{"line":102,"column":4},"end":{"line":105,"column":5}},"60":{"start":{"line":103,"column":6},"end":{"line":103,"column":37}},"61":{"start":{"line":104,"column":6},"end":{"line":104,"column":66}},"62":{"start":{"line":107,"column":4},"end":{"line":107,"column":40}},"63":{"start":{"line":108,"column":17},"end":{"line":108,"column":74}},"64":{"start":{"line":109,"column":4},"end":{"line":109,"column":46}},"65":{"start":{"line":111,"column":4},"end":{"line":111,"column":34}},"66":{"start":{"line":112,"column":4},"end":{"line":112,"column":22}},"67":{"start":{"line":113,"column":4},"end":{"line":113,"column":43}},"68":{"start":{"line":115,"column":4},"end":{"line":115,"column":73}},"69":{"start":{"line":117,"column":4},"end":{"line":117,"column":57}},"70":{"start":{"line":118,"column":4},"end":{"line":118,"column":47}},"71":{"start":{"line":119,"column":4},"end":{"line":122,"column":7}}},"fnMap":{"0":{"name":"(anonymous_0)","decl":{"start":{"line":5,"column":22},"end":{"line":5,"column":23}},"loc":{"start":{"line":5,"column":42},"end":{"line":12,"column":1}},"line":5},"1":{"name":"(anonymous_1)","decl":{"start":{"line":15,"column":22},"end":{"line":15,"column":23}},"loc":{"start":{"line":15,"column":42},"end":{"line":29,"column":1}},"line":15},"2":{"name":"(anonymous_2)","decl":{"start":{"line":32,"column":21},"end":{"line":32,"column":22}},"loc":{"start":{"line":32,"column":41},"end":{"line":52,"column":1}},"line":32},"3":{"name":"(anonymous_3)","decl":{"start":{"line":55,"column":21},"end":{"line":55,"column":22}},"loc":{"start":{"line":55,"column":41},"end":{"line":69,"column":1}},"line":55},"4":{"name":"(anonymous_4)","decl":{"start":{"line":72,"column":21},"end":{"line":72,"column":22}},"loc":{"start":{"line":72,"column":41},"end":{"line":124,"column":1}},"line":72}},"branchMap":{"0":{"loc":{"start":{"line":19,"column":4},"end":{"line":21,"column":5}},"type":"if","locations":[{"start":{"line":19,"column":4},"end":{"line":21,"column":5}},{"start":{},"end":{}}],"line":19},"1":{"loc":{"start":{"line":24,"column":4},"end":{"line":24,"column":74}},"type":"if","locations":[{"start":{"line":24,"column":4},"end":{"line":24,"column":74}},{"start":{},"end":{}}],"line":24},"2":{"loc":{"start":{"line":37,"column":4},"end":{"line":39,"column":5}},"type":"if","locations":[{"start":{"line":37,"column":4},"end":{"line":39,"column":5}},{"start":{},"end":{}}],"line":37},"3":{"loc":{"start":{"line":46,"column":4},"end":{"line":46,"column":81}},"type":"if","locations":[{"start":{"line":46,"column":4},"end":{"line":46,"column":81}},{"start":{},"end":{}}],"line":46},"4":{"loc":{"start":{"line":59,"column":4},"end":{"line":61,"column":5}},"type":"if","locations":[{"start":{"line":59,"column":4},"end":{"line":61,"column":5}},{"start":{},"end":{}}],"line":59},"5":{"loc":{"start":{"line":64,"column":4},"end":{"line":64,"column":81}},"type":"if","locations":[{"start":{"line":64,"column":4},"end":{"line":64,"column":81}},{"start":{},"end":{}}],"line":64},"6":{"loc":{"start":{"line":80,"column":4},"end":{"line":83,"column":5}},"type":"if","locations":[{"start":{"line":80,"column":4},"end":{"line":83,"column":5}},{"start":{},"end":{}}],"line":80},"7":{"loc":{"start":{"line":80,"column":8},"end":{"line":80,"column":45}},"type":"binary-expr","locations":[{"start":{"line":80,"column":8},"end":{"line":80,"column":13}},{"start":{"line":80,"column":17},"end":{"line":80,"column":23}},{"start":{"line":80,"column":27},"end":{"line":80,"column":33}},{"start":{"line":80,"column":37},"end":{"line":80,"column":45}}],"line":80},"8":{"loc":{"start":{"line":87,"column":4},"end":{"line":90,"column":5}},"type":"if","locations":[{"start":{"line":87,"column":4},"end":{"line":90,"column":5}},{"start":{},"end":{}}],"line":87},"9":{"loc":{"start":{"line":94,"column":4},"end":{"line":97,"column":5}},"type":"if","locations":[{"start":{"line":94,"column":4},"end":{"line":97,"column":5}},{"start":{},"end":{}}],"line":94},"10":{"loc":{"start":{"line":102,"column":4},"end":{"line":105,"column":5}},"type":"if","locations":[{"start":{"line":102,"column":4},"end":{"line":105,"column":5}},{"start":{},"end":{}}],"line":102}},"s":{"0":1,"1":1,"2":1,"3":2,"4":2,"5":1,"6":1,"7":1,"8":4,"9":4,"10":4,"11":1,"12":3,"13":2,"14":1,"15":1,"16":1,"17":1,"18":4,"19":4,"20":4,"21":4,"22":1,"23":3,"24":2,"25":1,"26":1,"27":1,"28":1,"29":4,"30":4,"31":4,"32":1,"33":3,"34":2,"35":1,"36":1,"37":1,"38":1,"39":6,"40":6,"41":6,"42":6,"43":6,"44":1,"45":1,"46":5,"47":5,"48":4,"49":1,"50":1,"51":3,"52":3,"53":3,"54":1,"55":1,"56":2,"57":2,"58":2,"59":2,"60":1,"61":1,"62":1,"63":1,"64":1,"65":1,"66":1,"67":1,"68":1,"69":1,"70":1,"71":1},"f":{"0":2,"1":4,"2":4,"3":4,"4":6},"b":{"0":[1,3],"1":[1,1],"2":[1,3],"3":[1,1],"4":[1,3],"5":[1,1],"6":[1,5],"7":[6,5,5,5],"8":[1,3],"9":[1,2],"10":[1,1]},"_coverageSchema":"1a1c01bbd47fc00a2c39e90264f33305004495a9","hash":"f3fd4d964c4b7cbc7ca99a1f92f8989922330959"}
,"C:\\drive_D\\SET Basic\\Task 1\\set_api\\models\\BookStore.js": {"path":"C:\\drive_D\\SET Basic\\Task 1\\set_api\\models\\BookStore.js","statementMap":{"0":{"start":{"line":1,"column":17},"end":{"line":1,"column":36}},"1":{"start":{"line":3,"column":24},"end":{"line":26,"column":2}},"2":{"start":{"line":28,"column":0},"end":{"line":28,"column":62}}},"fnMap":{},"branchMap":{},"s":{"0":1,"1":1,"2":1},"f":{},"b":{},"_coverageSchema":"1a1c01bbd47fc00a2c39e90264f33305004495a9","hash":"8cc7d9ab0d1e2d84621b06cf1bfd31511358992f"}
,"C:\\drive_D\\SET Basic\\Task 1\\set_api\\models\\Booking.js": {"path":"C:\\drive_D\\SET Basic\\Task 1\\set_api\\models\\Booking.js","statementMap":{"0":{"start":{"line":1,"column":17},"end":{"line":1,"column":36}},"1":{"start":{"line":3,"column":22},"end":{"line":38,"column":2}},"2":{"start":{"line":40,"column":0},"end":{"line":40,"column":58}}},"fnMap":{},"branchMap":{},"s":{"0":1,"1":1,"2":1},"f":{},"b":{},"_coverageSchema":"1a1c01bbd47fc00a2c39e90264f33305004495a9","hash":"8d53c496f890d5f39a80b9472541755892ab7cef"}
,"C:\\drive_D\\SET Basic\\Task 1\\set_api\\models\\BookingStatus.js": {"path":"C:\\drive_D\\SET Basic\\Task 1\\set_api\\models\\BookingStatus.js","statementMap":{"0":{"start":{"line":1,"column":17},"end":{"line":1,"column":36}},"1":{"start":{"line":3,"column":28},"end":{"line":11,"column":2}},"2":{"start":{"line":13,"column":0},"end":{"line":13,"column":70}}},"fnMap":{},"branchMap":{},"s":{"0":1,"1":1,"2":1},"f":{},"b":{},"_coverageSchema":"1a1c01bbd47fc00a2c39e90264f33305004495a9","hash":"f763c0525b3abd8d1c91461dbca20fa6597092ce"}
,"C:\\drive_D\\SET Basic\\Task 1\\set_api\\models\\Products.js": {"path":"C:\\drive_D\\SET Basic\\Task 1\\set_api\\models\\Products.js","statementMap":{"0":{"start":{"line":1,"column":17},"end":{"line":1,"column":36}},"1":{"start":{"line":3,"column":22},"end":{"line":24,"column":2}},"2":{"start":{"line":27,"column":0},"end":{"line":31,"column":3}},"3":{"start":{"line":33,"column":0},"end":{"line":33,"column":58}}},"fnMap":{},"branchMap":{},"s":{"0":3,"1":3,"2":3,"3":3},"f":{},"b":{},"_coverageSchema":"1a1c01bbd47fc00a2c39e90264f33305004495a9","hash":"bd42da3665612af76e40479ada416fed72c0b2ef"}
,"C:\\drive_D\\SET Basic\\Task 1\\set_api\\models\\Role.js": {"path":"C:\\drive_D\\SET Basic\\Task 1\\set_api\\models\\Role.js","statementMap":{"0":{"start":{"line":1,"column":17},"end":{"line":1,"column":36}},"1":{"start":{"line":3,"column":19},"end":{"line":16,"column":2}},"2":{"start":{"line":18,"column":0},"end":{"line":18,"column":52}}},"fnMap":{},"branchMap":{},"s":{"0":1,"1":1,"2":1},"f":{},"b":{},"_coverageSchema":"1a1c01bbd47fc00a2c39e90264f33305004495a9","hash":"c665e3df5d2b7e61b4332242d9c0f267c5ab8a8a"}
,"C:\\drive_D\\SET Basic\\Task 1\\set_api\\models\\User.js": {"path":"C:\\drive_D\\SET Basic\\Task 1\\set_api\\models\\User.js","statementMap":{"0":{"start":{"line":1,"column":17},"end":{"line":1,"column":36}},"1":{"start":{"line":3,"column":19},"end":{"line":16,"column":2}},"2":{"start":{"line":19,"column":0},"end":{"line":23,"column":3}},"3":{"start":{"line":25,"column":0},"end":{"line":25,"column":52}}},"fnMap":{},"branchMap":{},"s":{"0":2,"1":2,"2":2,"3":2},"f":{},"b":{},"_coverageSchema":"1a1c01bbd47fc00a2c39e90264f33305004495a9","hash":"0e044ce400f096a13d125a828dca20a9d8114daf"}
}
