{"C:\\drive_D\\SET Basic\\Task 1\\set_api\\controllers\\userController.js": {"path":"C:\\drive_D\\SET Basic\\Task 1\\set_api\\controllers\\userController.js","statementMap":{"0":{"start":{"line":1,"column":13},"end":{"line":1,"column":38}},"1":{"start":{"line":2,"column":13},"end":{"line":2,"column":38}},"2":{"start":{"line":5,"column":0},"end":{"line":12,"column":2}},"3":{"start":{"line":6,"column":2},"end":{"line":11,"column":3}},"4":{"start":{"line":7,"column":18},"end":{"line":7,"column":63}},"5":{"start":{"line":8,"column":4},"end":{"line":8,"column":32}},"6":{"start":{"line":10,"column":4},"end":{"line":10,"column":69}},"7":{"start":{"line":15,"column":0},"end":{"line":29,"column":2}},"8":{"start":{"line":16,"column":2},"end":{"line":28,"column":3}},"9":{"start":{"line":17,"column":19},"end":{"line":17,"column":32}},"10":{"start":{"line":19,"column":4},"end":{"line":21,"column":5}},"11":{"start":{"line":20,"column":6},"end":{"line":20,"column":70}},"12":{"start":{"line":23,"column":17},"end":{"line":23,"column":72}},"13":{"start":{"line":24,"column":4},"end":{"line":24,"column":74}},"14":{"start":{"line":24,"column":15},"end":{"line":24,"column":74}},"15":{"start":{"line":25,"column":4},"end":{"line":25,"column":31}},"16":{"start":{"line":27,"column":4},"end":{"line":27,"column":68}},"17":{"start":{"line":32,"column":0},"end":{"line":52,"column":2}},"18":{"start":{"line":33,"column":2},"end":{"line":51,"column":3}},"19":{"start":{"line":34,"column":19},"end":{"line":34,"column":32}},"20":{"start":{"line":35,"column":61},"end":{"line":35,"column":69}},"21":{"start":{"line":37,"column":4},"end":{"line":39,"column":5}},"22":{"start":{"line":38,"column":6},"end":{"line":38,"column":70}},"23":{"start":{"line":41,"column":24},"end":{"line":44,"column":5}},"24":{"start":{"line":46,"column":4},"end":{"line":46,"column":81}},"25":{"start":{"line":46,"column":22},"end":{"line":46,"column":81}},"26":{"start":{"line":48,"column":4},"end":{"line":48,"column":86}},"27":{"start":{"line":50,"column":4},"end":{"line":50,"column":68}},"28":{"start":{"line":55,"column":0},"end":{"line":69,"column":2}},"29":{"start":{"line":56,"column":2},"end":{"line":68,"column":3}},"30":{"start":{"line":57,"column":19},"end":{"line":57,"column":32}},"31":{"start":{"line":59,"column":4},"end":{"line":61,"column":5}},"32":{"start":{"line":60,"column":6},"end":{"line":60,"column":70}},"33":{"start":{"line":63,"column":24},"end":{"line":63,"column":60}},"34":{"start":{"line":64,"column":4},"end":{"line":64,"column":81}},"35":{"start":{"line":64,"column":22},"end":{"line":64,"column":81}},"36":{"start":{"line":65,"column":4},"end":{"line":65,"column":67}},"37":{"start":{"line":67,"column":4},"end":{"line":67,"column":68}},"38":{"start":{"line":72,"column":0},"end":{"line":124,"column":2}},"39":{"start":{"line":73,"column":2},"end":{"line":73,"column":44}},"40":{"start":{"line":75,"column":2},"end":{"line":123,"column":3}},"41":{"start":{"line":76,"column":60},"end":{"line":76,"column":68}},"42":{"start":{"line":78,"column":4},"end":{"line":78,"column":83}},"43":{"start":{"line":80,"column":4},"end":{"line":83,"column":5}},"44":{"start":{"line":81,"column":6},"end":{"line":81,"column":45}},"45":{"start":{"line":82,"column":6},"end":{"line":82,"column":95}},"46":{"start":{"line":85,"column":4},"end":{"line":85,"column":46}},"47":{"start":{"line":86,"column":26},"end":{"line":86,"column":55}},"48":{"start":{"line":87,"column":4},"end":{"line":90,"column":5}},"49":{"start":{"line":88,"column":6},"end":{"line":88,"column":42}},"50":{"start":{"line":89,"column":6},"end":{"line":89,"column":71}},"51":{"start":{"line":92,"column":4},"end":{"line":92,"column":46}},"52":{"start":{"line":93,"column":26},"end":{"line":93,"column":55}},"53":{"start":{"line":94,"column":4},"end":{"line":97,"column":5}},"54":{"start":{"line":95,"column":6},"end":{"line":95,"column":42}},"55":{"start":{"line":96,"column":6},"end":{"line":96,"column":71}},"56":{"start":{"line":99,"column":4},"end":{"line":99,"column":54}},"57":{"start":{"line":100,"column":17},"end":{"line":100,"column":45}},"58":{"start":{"line":101,"column":4},"end":{"line":101,"column":37}},"59":{"start":{"line":102,"column":4},"end":{"line":105,"column":5}},"60":{"start":{"line":103,"column":6},"end":{"line":103,"column":37}},"61":{"start":{"line":104,"column":6},"end":{"line":104,"column":66}},"62":{"start":{"line":107,"column":4},"end":{"line":107,"column":40}},"63":{"start":{"line":108,"column":17},"end":{"line":108,"column":74}},"64":{"start":{"line":109,"column":4},"end":{"line":109,"column":46}},"65":{"start":{"line":111,"column":4},"end":{"line":111,"column":34}},"66":{"start":{"line":112,"column":4},"end":{"line":112,"column":22}},"67":{"start":{"line":113,"column":4},"end":{"line":113,"column":43}},"68":{"start":{"line":115,"column":4},"end":{"line":115,"column":73}},"69":{"start":{"line":117,"column":4},"end":{"line":117,"column":57}},"70":{"start":{"line":118,"column":4},"end":{"line":118,"column":47}},"71":{"start":{"line":119,"column":4},"end":{"line":122,"column":7}}},"fnMap":{"0":{"name":"(anonymous_0)","decl":{"start":{"line":5,"column":22},"end":{"line":5,"column":23}},"loc":{"start":{"line":5,"column":42},"end":{"line":12,"column":1}},"line":5},"1":{"name":"(anonymous_1)","decl":{"start":{"line":15,"column":22},"end":{"line":15,"column":23}},"loc":{"start":{"line":15,"column":42},"end":{"line":29,"column":1}},"line":15},"2":{"name":"(anonymous_2)","decl":{"start":{"line":32,"column":21},"end":{"line":32,"column":22}},"loc":{"start":{"line":32,"column":41},"end":{"line":52,"column":1}},"line":32},"3":{"name":"(anonymous_3)","decl":{"start":{"line":55,"column":21},"end":{"line":55,"column":22}},"loc":{"start":{"line":55,"column":41},"end":{"line":69,"column":1}},"line":55},"4":{"name":"(anonymous_4)","decl":{"start":{"line":72,"column":21},"end":{"line":72,"column":22}},"loc":{"start":{"line":72,"column":41},"end":{"line":124,"column":1}},"line":72}},"branchMap":{"0":{"loc":{"start":{"line":19,"column":4},"end":{"line":21,"column":5}},"type":"if","locations":[{"start":{"line":19,"column":4},"end":{"line":21,"column":5}},{"start":{},"end":{}}],"line":19},"1":{"loc":{"start":{"line":24,"column":4},"end":{"line":24,"column":74}},"type":"if","locations":[{"start":{"line":24,"column":4},"end":{"line":24,"column":74}},{"start":{},"end":{}}],"line":24},"2":{"loc":{"start":{"line":37,"column":4},"end":{"line":39,"column":5}},"type":"if","locations":[{"start":{"line":37,"column":4},"end":{"line":39,"column":5}},{"start":{},"end":{}}],"line":37},"3":{"loc":{"start":{"line":46,"column":4},"end":{"line":46,"column":81}},"type":"if","locations":[{"start":{"line":46,"column":4},"end":{"line":46,"column":81}},{"start":{},"end":{}}],"line":46},"4":{"loc":{"start":{"line":59,"column":4},"end":{"line":61,"column":5}},"type":"if","locations":[{"start":{"line":59,"column":4},"end":{"line":61,"column":5}},{"start":{},"end":{}}],"line":59},"5":{"loc":{"start":{"line":64,"column":4},"end":{"line":64,"column":81}},"type":"if","locations":[{"start":{"line":64,"column":4},"end":{"line":64,"column":81}},{"start":{},"end":{}}],"line":64},"6":{"loc":{"start":{"line":80,"column":4},"end":{"line":83,"column":5}},"type":"if","locations":[{"start":{"line":80,"column":4},"end":{"line":83,"column":5}},{"start":{},"end":{}}],"line":80},"7":{"loc":{"start":{"line":80,"column":8},"end":{"line":80,"column":45}},"type":"binary-expr","locations":[{"start":{"line":80,"column":8},"end":{"line":80,"column":13}},{"start":{"line":80,"column":17},"end":{"line":80,"column":23}},{"start":{"line":80,"column":27},"end":{"line":80,"column":33}},{"start":{"line":80,"column":37},"end":{"line":80,"column":45}}],"line":80},"8":{"loc":{"start":{"line":87,"column":4},"end":{"line":90,"column":5}},"type":"if","locations":[{"start":{"line":87,"column":4},"end":{"line":90,"column":5}},{"start":{},"end":{}}],"line":87},"9":{"loc":{"start":{"line":94,"column":4},"end":{"line":97,"column":5}},"type":"if","locations":[{"start":{"line":94,"column":4},"end":{"line":97,"column":5}},{"start":{},"end":{}}],"line":94},"10":{"loc":{"start":{"line":102,"column":4},"end":{"line":105,"column":5}},"type":"if","locations":[{"start":{"line":102,"column":4},"end":{"line":105,"column":5}},{"start":{},"end":{}}],"line":102}},"s":{"0":1,"1":1,"2":1,"3":2,"4":2,"5":1,"6":1,"7":1,"8":4,"9":4,"10":4,"11":1,"12":3,"13":2,"14":1,"15":1,"16":1,"17":1,"18":4,"19":4,"20":4,"21":4,"22":1,"23":3,"24":2,"25":1,"26":1,"27":1,"28":1,"29":4,"30":4,"31":4,"32":1,"33":3,"34":2,"35":1,"36":1,"37":1,"38":1,"39":6,"40":6,"41":6,"42":6,"43":6,"44":1,"45":1,"46":5,"47":5,"48":4,"49":1,"50":1,"51":3,"52":3,"53":3,"54":1,"55":1,"56":2,"57":2,"58":2,"59":2,"60":1,"61":1,"62":1,"63":1,"64":1,"65":1,"66":1,"67":1,"68":1,"69":1,"70":1,"71":1},"f":{"0":2,"1":4,"2":4,"3":4,"4":6},"b":{"0":[1,3],"1":[1,1],"2":[1,3],"3":[1,1],"4":[1,3],"5":[1,1],"6":[1,5],"7":[6,5,5,5],"8":[1,3],"9":[1,2],"10":[1,1]},"_coverageSchema":"1a1c01bbd47fc00a2c39e90264f33305004495a9","hash":"f3fd4d964c4b7cbc7ca99a1f92f8989922330959"}
,"C:\\drive_D\\SET Basic\\Task 1\\set_api\\models\\Role.js": {"path":"C:\\drive_D\\SET Basic\\Task 1\\set_api\\models\\Role.js","statementMap":{"0":{"start":{"line":1,"column":17},"end":{"line":1,"column":36}},"1":{"start":{"line":3,"column":19},"end":{"line":16,"column":2}},"2":{"start":{"line":18,"column":0},"end":{"line":18,"column":52}}},"fnMap":{},"branchMap":{},"s":{"0":1,"1":1,"2":1},"f":{},"b":{},"_coverageSchema":"1a1c01bbd47fc00a2c39e90264f33305004495a9","hash":"c665e3df5d2b7e61b4332242d9c0f267c5ab8a8a"}
,"C:\\drive_D\\SET Basic\\Task 1\\set_api\\models\\User.js": {"path":"C:\\drive_D\\SET Basic\\Task 1\\set_api\\models\\User.js","statementMap":{"0":{"start":{"line":1,"column":17},"end":{"line":1,"column":36}},"1":{"start":{"line":3,"column":19},"end":{"line":16,"column":2}},"2":{"start":{"line":19,"column":0},"end":{"line":23,"column":3}},"3":{"start":{"line":25,"column":0},"end":{"line":25,"column":52}}},"fnMap":{},"branchMap":{},"s":{"0":1,"1":1,"2":1,"3":1},"f":{},"b":{},"_coverageSchema":"1a1c01bbd47fc00a2c39e90264f33305004495a9","hash":"0e044ce400f096a13d125a828dca20a9d8114daf"}
}
