TN:
SF:controllers\userController.js
FN:5,(anonymous_0)
FN:15,(anonymous_1)
FN:32,(anonymous_2)
FN:55,(anonymous_3)
FN:72,(anonymous_4)
FNF:5
FNH:5
FNDA:2,(anonymous_0)
FNDA:4,(anonymous_1)
FNDA:4,(anonymous_2)
FNDA:4,(anonymous_3)
FNDA:6,(anonymous_4)
DA:1,1
DA:2,1
DA:5,1
DA:6,2
DA:7,2
DA:8,1
DA:10,1
DA:15,1
DA:16,4
DA:17,4
DA:19,4
DA:20,1
DA:23,3
DA:24,2
DA:25,1
DA:27,1
DA:32,1
DA:33,4
DA:34,4
DA:35,4
DA:37,4
DA:38,1
DA:41,3
DA:46,2
DA:48,1
DA:50,1
DA:55,1
DA:56,4
DA:57,4
DA:59,4
DA:60,1
DA:63,3
DA:64,2
DA:65,1
DA:67,1
DA:72,1
DA:73,6
DA:75,6
DA:76,6
DA:78,6
DA:80,6
DA:81,1
DA:82,1
DA:85,5
DA:86,5
DA:87,4
DA:88,1
DA:89,1
DA:92,3
DA:93,3
DA:94,3
DA:95,1
DA:96,1
DA:99,2
DA:100,2
DA:101,2
DA:102,2
DA:103,1
DA:104,1
DA:107,1
DA:108,1
DA:109,1
DA:111,1
DA:112,1
DA:113,1
DA:115,1
DA:117,1
DA:118,1
DA:119,1
LF:69
LH:69
BRDA:19,0,0,1
BRDA:19,0,1,3
BRDA:24,1,0,1
BRDA:24,1,1,1
BRDA:37,2,0,1
BRDA:37,2,1,3
BRDA:46,3,0,1
BRDA:46,3,1,1
BRDA:59,4,0,1
BRDA:59,4,1,3
BRDA:64,5,0,1
BRDA:64,5,1,1
BRDA:80,6,0,1
BRDA:80,6,1,5
BRDA:80,7,0,6
BRDA:80,7,1,5
BRDA:80,7,2,5
BRDA:80,7,3,5
BRDA:87,8,0,1
BRDA:87,8,1,3
BRDA:94,9,0,1
BRDA:94,9,1,2
BRDA:102,10,0,1
BRDA:102,10,1,1
BRF:24
BRH:24
end_of_record
TN:
SF:models\Role.js
FNF:0
FNH:0
DA:1,1
DA:3,1
DA:18,1
LF:3
LH:3
BRF:0
BRH:0
end_of_record
TN:
SF:models\User.js
FNF:0
FNH:0
DA:1,1
DA:3,1
DA:19,1
DA:25,1
LF:4
LH:4
BRF:0
BRH:0
end_of_record
