TN:
SF:controllers\bookStoreController.js
FN:5,(anonymous_0)
FN:35,(anonymous_1)
FN:45,(anonymous_2)
FN:58,(anonymous_3)
FN:79,(anonymous_4)
FNF:5
FNH:5
FNDA:5,(anonymous_0)
FNDA:2,(anonymous_1)
FNDA:3,(anonymous_2)
FNDA:4,(anonymous_3)
FNDA:3,(anonymous_4)
DA:1,1
DA:2,1
DA:5,1
DA:6,5
DA:7,5
DA:10,5
DA:11,1
DA:15,4
DA:16,3
DA:17,1
DA:20,2
DA:27,2
DA:28,2
DA:30,1
DA:35,1
DA:36,2
DA:37,2
DA:38,1
DA:40,1
DA:45,1
DA:46,3
DA:47,3
DA:48,2
DA:49,1
DA:51,1
DA:53,1
DA:58,1
DA:59,4
DA:60,4
DA:62,3
DA:63,3
DA:64,1
DA:67,2
DA:68,2
DA:69,2
DA:71,2
DA:72,2
DA:74,1
DA:79,1
DA:80,3
DA:81,3
DA:82,2
DA:83,1
DA:86,1
DA:87,1
DA:89,1
LF:46
LH:46
BRDA:10,0,0,1
BRDA:10,0,1,4
BRDA:16,1,0,1
BRDA:16,1,1,2
BRDA:22,2,0,2
BRDA:22,2,1,1
BRDA:23,3,0,2
BRDA:23,3,1,1
BRDA:24,4,0,2
BRDA:24,4,1,1
BRDA:48,5,0,1
BRDA:48,5,1,1
BRDA:63,6,0,1
BRDA:63,6,1,2
BRDA:67,7,0,2
BRDA:67,7,1,0
BRDA:68,8,0,1
BRDA:68,8,1,1
BRDA:69,9,0,1
BRDA:69,9,1,1
BRDA:82,10,0,1
BRDA:82,10,1,1
BRF:22
BRH:21
end_of_record
TN:
SF:controllers\bookingController.js
FN:8,(anonymous_0)
FN:81,(anonymous_1)
FN:94,(anonymous_2)
FN:111,(anonymous_3)
FN:202,(anonymous_4)
FNF:5
FNH:5
FNDA:10,(anonymous_0)
FNDA:3,(anonymous_1)
FNDA:5,(anonymous_2)
FNDA:18,(anonymous_3)
FNDA:4,(anonymous_4)
DA:1,1
DA:2,1
DA:3,1
DA:4,1
DA:8,1
DA:9,10
DA:10,10
DA:13,10
DA:14,1
DA:20,9
DA:21,7
DA:24,6
DA:25,6
DA:29,5
DA:30,1
DA:32,4
DA:34,5
DA:40,4
DA:42,4
DA:43,4
DA:44,1
DA:48,3
DA:49,3
DA:50,1
DA:53,2
DA:54,2
DA:55,2
DA:58,2
DA:63,2
DA:73,2
DA:74,1
DA:76,3
DA:81,1
DA:82,3
DA:83,3
DA:87,2
DA:89,1
DA:94,1
DA:95,5
DA:96,5
DA:101,4
DA:103,2
DA:105,1
DA:111,1
DA:112,18
DA:113,18
DA:114,18
DA:116,18
DA:117,1
DA:121,17
DA:124,17
DA:125,2
DA:126,2
DA:127,1
DA:130,16
DA:131,2
DA:132,2
DA:133,1
DA:136,15
DA:137,1
DA:140,15
DA:141,3
DA:142,3
DA:143,2
DA:144,1
DA:146,1
DA:147,1
DA:149,1
DA:153,13
DA:154,4
DA:155,4
DA:156,4
DA:157,2
DA:160,2
DA:161,2
DA:162,1
DA:163,1
DA:165,1
DA:169,10
DA:171,5
DA:172,3
DA:174,2
DA:176,5
DA:177,2
DA:180,7
DA:181,3
DA:184,7
DA:193,5
DA:195,4
DA:197,2
DA:202,1
DA:203,4
DA:204,4
DA:206,4
DA:207,1
DA:210,3
DA:212,2
DA:214,1
DA:215,1
DA:217,1
LF:100
LH:100
BRDA:13,0,0,1
BRDA:13,0,1,9
BRDA:13,1,0,10
BRDA:13,1,1,9
BRDA:13,1,2,9
BRDA:13,1,3,9
BRDA:13,1,4,9
BRDA:13,1,5,9
BRDA:13,1,6,9
BRDA:21,2,0,1
BRDA:21,2,1,6
BRDA:25,3,0,1
BRDA:25,3,1,5
BRDA:29,4,0,1
BRDA:29,4,1,4
BRDA:34,5,0,1
BRDA:34,5,1,4
BRDA:43,6,0,1
BRDA:43,6,1,3
BRDA:49,7,0,1
BRDA:49,7,1,2
BRDA:101,8,0,2
BRDA:101,8,1,2
BRDA:116,9,0,1
BRDA:116,9,1,17
BRDA:124,10,0,2
BRDA:124,10,1,15
BRDA:126,11,0,1
BRDA:126,11,1,1
BRDA:130,12,0,2
BRDA:130,12,1,14
BRDA:132,13,0,1
BRDA:132,13,1,1
BRDA:136,14,0,1
BRDA:136,14,1,14
BRDA:140,15,0,3
BRDA:140,15,1,12
BRDA:143,16,0,1
BRDA:143,16,1,1
BRDA:153,17,0,4
BRDA:153,17,1,9
BRDA:156,18,0,2
BRDA:156,18,1,2
BRDA:169,19,0,5
BRDA:169,19,1,5
BRDA:171,20,0,3
BRDA:171,20,1,2
BRDA:176,21,0,3
BRDA:176,21,1,2
BRDA:180,22,0,3
BRDA:180,22,1,4
BRDA:193,23,0,1
BRDA:193,23,1,4
BRDA:206,24,0,1
BRDA:206,24,1,3
BRDA:212,25,0,1
BRDA:212,25,1,1
BRF:57
BRH:57
end_of_record
TN:
SF:controllers\productsControllers.js
FN:4,(anonymous_0)
FN:14,(anonymous_1)
FN:25,(anonymous_2)
FN:49,(anonymous_3)
FN:67,(anonymous_4)
FNF:5
FNH:5
FNDA:2,(anonymous_0)
FNDA:3,(anonymous_1)
FNDA:3,(anonymous_2)
FNDA:3,(anonymous_3)
FNDA:3,(anonymous_4)
DA:1,1
DA:4,1
DA:5,2
DA:6,2
DA:7,1
DA:9,1
DA:14,1
DA:15,3
DA:16,3
DA:17,2
DA:18,1
DA:20,1
DA:25,1
DA:26,3
DA:27,3
DA:29,3
DA:30,1
DA:33,2
DA:41,2
DA:42,1
DA:44,1
DA:49,1
DA:50,3
DA:51,3
DA:53,2
DA:59,2
DA:60,1
DA:62,1
DA:67,1
DA:68,3
DA:69,3
DA:70,2
DA:71,1
DA:73,1
LF:34
LH:34
BRDA:17,0,0,1
BRDA:17,0,1,1
BRDA:29,1,0,1
BRDA:29,1,1,2
BRDA:29,2,0,3
BRDA:29,2,1,2
BRDA:59,3,0,1
BRDA:59,3,1,1
BRDA:70,4,0,1
BRDA:70,4,1,1
BRF:10
BRH:10
end_of_record
TN:
SF:controllers\userController.js
FN:5,(anonymous_0)
FN:15,(anonymous_1)
FN:32,(anonymous_2)
FN:55,(anonymous_3)
FN:72,(anonymous_4)
FNF:5
FNH:5
FNDA:2,(anonymous_0)
FNDA:4,(anonymous_1)
FNDA:4,(anonymous_2)
FNDA:4,(anonymous_3)
FNDA:6,(anonymous_4)
DA:1,1
DA:2,1
DA:5,1
DA:6,2
DA:7,2
DA:8,1
DA:10,1
DA:15,1
DA:16,4
DA:17,4
DA:19,4
DA:20,1
DA:23,3
DA:24,2
DA:25,1
DA:27,1
DA:32,1
DA:33,4
DA:34,4
DA:35,4
DA:37,4
DA:38,1
DA:41,3
DA:46,2
DA:48,1
DA:50,1
DA:55,1
DA:56,4
DA:57,4
DA:59,4
DA:60,1
DA:63,3
DA:64,2
DA:65,1
DA:67,1
DA:72,1
DA:73,6
DA:75,6
DA:76,6
DA:78,6
DA:80,6
DA:81,1
DA:82,1
DA:85,5
DA:86,5
DA:87,4
DA:88,1
DA:89,1
DA:92,3
DA:93,3
DA:94,3
DA:95,1
DA:96,1
DA:99,2
DA:100,2
DA:101,2
DA:102,2
DA:103,1
DA:104,1
DA:107,1
DA:108,1
DA:109,1
DA:111,1
DA:112,1
DA:113,1
DA:115,1
DA:117,1
DA:118,1
DA:119,1
LF:69
LH:69
BRDA:19,0,0,1
BRDA:19,0,1,3
BRDA:24,1,0,1
BRDA:24,1,1,1
BRDA:37,2,0,1
BRDA:37,2,1,3
BRDA:46,3,0,1
BRDA:46,3,1,1
BRDA:59,4,0,1
BRDA:59,4,1,3
BRDA:64,5,0,1
BRDA:64,5,1,1
BRDA:80,6,0,1
BRDA:80,6,1,5
BRDA:80,7,0,6
BRDA:80,7,1,5
BRDA:80,7,2,5
BRDA:80,7,3,5
BRDA:87,8,0,1
BRDA:87,8,1,3
BRDA:94,9,0,1
BRDA:94,9,1,2
BRDA:102,10,0,1
BRDA:102,10,1,1
BRF:24
BRH:24
end_of_record
TN:
SF:models\BookStore.js
FNF:0
FNH:0
DA:1,1
DA:3,1
DA:28,1
LF:3
LH:3
BRF:0
BRH:0
end_of_record
TN:
SF:models\Booking.js
FNF:0
FNH:0
DA:1,1
DA:3,1
DA:40,1
LF:3
LH:3
BRF:0
BRH:0
end_of_record
TN:
SF:models\BookingStatus.js
FNF:0
FNH:0
DA:1,1
DA:3,1
DA:13,1
LF:3
LH:3
BRF:0
BRH:0
end_of_record
TN:
SF:models\Products.js
FNF:0
FNH:0
DA:1,3
DA:3,3
DA:27,3
DA:33,3
LF:4
LH:4
BRF:0
BRH:0
end_of_record
TN:
SF:models\Role.js
FNF:0
FNH:0
DA:1,1
DA:3,1
DA:18,1
LF:3
LH:3
BRF:0
BRH:0
end_of_record
TN:
SF:models\User.js
FNF:0
FNH:0
DA:1,2
DA:3,2
DA:19,2
DA:25,2
LF:4
LH:4
BRF:0
BRH:0
end_of_record
